<?xml version="1.0" encoding="UTF-8"?>
<!-- Generated by org.testng.reporters.JUnitReportReporter -->
<testsuite skipped="0" hostname="MHYD9C89A858" name="com.test.scenarios.Demo" tests="2" failures="0" timestamp="21 Jun 2020 16:42:42 GMT" time="7.005" errors="0">
  <testcase name="dispay" time="0.009" classname="com.test.scenarios.Demo"/>
  <testcase name="googleSearch" time="6.996" classname="com.test.scenarios.Demo"/>
</testsuite> <!-- com.test.scenarios.Demo -->
